<?xml version="1.0" encoding="UTF-8"?>
<!-- Generated by org.testng.reporters.JUnitReportReporter -->
<testsuite skipped="0" hostname="Navaneeth" name="com.flipkart.TestNG_TC.AddingToCart" tests="2" failures="0" timestamp="24 Oct 2017 19:07:40 GMT" time="10.264" errors="0">
  <testcase name="addCart" time="10.264" classname="com.flipkart.TestNG_TC.AddingToCart"/>
  <testcase name="f" time="0.000" classname="com.flipkart.TestNG_TC.AddingToCart"/>
</testsuite> <!-- com.flipkart.TestNG_TC.AddingToCart -->
