<?xml version="1.0" encoding="UTF-8"?>
<!-- Generated by org.testng.reporters.JUnitReportReporter -->
<testsuite skipped="0" hostname="Navaneeth" name="com.flipkart.TestNG_TC.Browser" tests="1" failures="0" timestamp="24 Oct 2017 19:07:41 GMT" time="0.003" errors="0">
  <testcase name="f" time="0.003" classname="com.flipkart.TestNG_TC.Browser"/>
</testsuite> <!-- com.flipkart.TestNG_TC.Browser -->
