<?xml version="1.0" encoding="UTF-8"?>
<!-- Generated by org.testng.reporters.JUnitReportReporter -->
<testsuite skipped="0" hostname="Navaneeth" name="com.flipkart.TestNG_TC.RemovingProductFromCart" tests="2" failures="0" timestamp="24 Oct 2017 19:07:40 GMT" time="2.374" errors="0">
  <testcase name="f" time="0.000" classname="com.flipkart.TestNG_TC.RemovingProductFromCart"/>
  <testcase name="removeFromCart" time="2.374" classname="com.flipkart.TestNG_TC.RemovingProductFromCart"/>
</testsuite> <!-- com.flipkart.TestNG_TC.RemovingProductFromCart -->
