<?xml version="1.0" encoding="UTF-8"?>
<!-- Generated by org.testng.reporters.JUnitReportReporter -->
<testsuite skipped="0" hostname="Navaneeth" name="com.flipkart.TestNG_TC.Login" tests="2" failures="0" timestamp="24 Oct 2017 19:07:40 GMT" time="7.667" errors="0">
  <testcase name="loginFunction" time="7.662" classname="com.flipkart.TestNG_TC.Login"/>
  <testcase name="f" time="0.005" classname="com.flipkart.TestNG_TC.Login"/>
</testsuite> <!-- com.flipkart.TestNG_TC.Login -->
