<?xml version="1.0" encoding="UTF-8"?>
<!-- Generated by org.testng.reporters.JUnitReportReporter -->
<testsuite skipped="0" hostname="Navaneeth" name="com.flipkart.TestNG_TC.SelectingProduct" tests="2" failures="0" timestamp="24 Oct 2017 19:07:40 GMT" time="35.195" errors="0">
  <testcase name="f" time="0.001" classname="com.flipkart.TestNG_TC.SelectingProduct"/>
  <testcase name="selectItem" time="35.194" classname="com.flipkart.TestNG_TC.SelectingProduct"/>
</testsuite> <!-- com.flipkart.TestNG_TC.SelectingProduct -->
