<?xml version="1.0" encoding="UTF-8"?>
<!-- Generated by org.testng.reporters.JUnitReportReporter -->
<testsuite skipped="0" hostname="Navaneeth" name="com.flipkart.TestNG_TC.SelectingProduct" tests="2" failures="0" timestamp="21 Oct 2017 12:27:03 GMT" time="39.503" errors="0">
  <testcase name="selectItem" time="39.498" classname="com.flipkart.TestNG_TC.SelectingProduct"/>
  <testcase name="f" time="0.005" classname="com.flipkart.TestNG_TC.SelectingProduct"/>
</testsuite> <!-- com.flipkart.TestNG_TC.SelectingProduct -->
