<?xml version="1.0" encoding="UTF-8"?>
<!-- Generated by org.testng.reporters.JUnitReportReporter -->
<testsuite skipped="0" hostname="Navaneeth" name="com.flipkart.TestNG_TC.Logout" tests="2" failures="0" timestamp="21 Oct 2017 12:27:03 GMT" time="6.785" errors="0">
  <testcase name="f" time="0.002" classname="com.flipkart.TestNG_TC.Logout"/>
  <testcase name="logoutFromFlipkart" time="6.783" classname="com.flipkart.TestNG_TC.Logout"/>
</testsuite> <!-- com.flipkart.TestNG_TC.Logout -->
