<?xml version="1.0" encoding="UTF-8"?>
<!-- Generated by org.testng.reporters.JUnitReportReporter -->
<testsuite skipped="0" hostname="Navaneeth" name="com.flipkart.TestNG_TC.NegLogin" tests="6" failures="0" timestamp="21 Oct 2017 12:34:27 GMT" time="210.720" errors="0">
  <testcase name="f" time="28.005" classname="com.flipkart.TestNG_TC.NegLogin"/>
  <testcase name="f" time="31.321" classname="com.flipkart.TestNG_TC.NegLogin"/>
  <testcase name="f" time="31.262" classname="com.flipkart.TestNG_TC.NegLogin"/>
  <testcase name="f" time="40.690" classname="com.flipkart.TestNG_TC.NegLogin"/>
  <testcase name="f" time="38.803" classname="com.flipkart.TestNG_TC.NegLogin"/>
  <testcase name="f" time="40.639" classname="com.flipkart.TestNG_TC.NegLogin"/>
</testsuite> <!-- com.flipkart.TestNG_TC.NegLogin -->
