<?xml version="1.0" encoding="UTF-8"?>
<!-- Generated by org.testng.reporters.JUnitReportReporter -->
<testsuite skipped="0" hostname="Navaneeth" name="com.flipkart.TestNG_TC.AddingToCart" tests="2" failures="0" timestamp="21 Oct 2017 12:27:03 GMT" time="5.765" errors="0">
  <testcase name="addCart" time="5.759" classname="com.flipkart.TestNG_TC.AddingToCart"/>
  <testcase name="f" time="0.006" classname="com.flipkart.TestNG_TC.AddingToCart"/>
</testsuite> <!-- com.flipkart.TestNG_TC.AddingToCart -->
