<?xml version="1.0" encoding="UTF-8"?>
<!-- Generated by org.testng.reporters.JUnitReportReporter -->
<testsuite skipped="0" hostname="Navaneeth" name="com.flipkart.TestNG_TC.Browser" tests="1" failures="0" timestamp="21 Oct 2017 12:27:03 GMT" time="0.018" errors="0">
  <testcase name="f" time="0.018" classname="com.flipkart.TestNG_TC.Browser"/>
</testsuite> <!-- com.flipkart.TestNG_TC.Browser -->
