<?xml version="1.0" encoding="UTF-8"?>
<!-- Generated by org.testng.reporters.JUnitReportReporter -->
<testsuite skipped="0" hostname="Navaneeth" name="com.flipkart.TestNG_TC.GettingProductPrice" tests="5" failures="0" timestamp="23 Oct 2017 15:43:01 GMT" time="43.828" errors="0">
  <testcase name="price" time="9.167" classname="com.flipkart.TestNG_TC.GettingProductPrice"/>
  <testcase name="price" time="8.577" classname="com.flipkart.TestNG_TC.GettingProductPrice"/>
  <testcase name="price" time="10.033" classname="com.flipkart.TestNG_TC.GettingProductPrice"/>
  <testcase name="price" time="7.627" classname="com.flipkart.TestNG_TC.GettingProductPrice"/>
  <testcase name="price" time="8.424" classname="com.flipkart.TestNG_TC.GettingProductPrice"/>
</testsuite> <!-- com.flipkart.TestNG_TC.GettingProductPrice -->
