<?xml version="1.0" encoding="UTF-8"?>
<!-- Generated by org.testng.reporters.JUnitReportReporter -->
<testsuite skipped="0" hostname="Navaneeth" name="com.flipkart.TestNG_TC.RemovingProductFromCart" tests="2" failures="0" timestamp="21 Oct 2017 12:27:03 GMT" time="3.370" errors="0">
  <testcase name="f" time="0.006" classname="com.flipkart.TestNG_TC.RemovingProductFromCart"/>
  <testcase name="removeFromCart" time="3.364" classname="com.flipkart.TestNG_TC.RemovingProductFromCart"/>
</testsuite> <!-- com.flipkart.TestNG_TC.RemovingProductFromCart -->
